[2026-04-18T06:03:19.235Z] User: resident1@society.com, Role: RESIDENT, Where: {"societyId":1,"status":"PUBLISHED","audience":{"in":["ALL","RESIDENTS"]},"startDate":{"lte":"2026-04-18T06:03:19.232Z"},"OR":[{"expiresAt":null},{"expiresAt":{"gt":"2026-04-18T06:03:19.232Z"}}]}
[2026-04-18T06:03:41.206Z] User: guard@society.com, Role: GUARD, Where: {"societyId":1,"status":"PUBLISHED","audience":{"in":["ALL","GUARD"]},"startDate":{"lte":"2026-04-18T06:03:41.199Z"},"OR":[{"expiresAt":null},{"expiresAt":{"gt":"2026-04-18T06:03:41.199Z"}}]}
[2026-04-18T06:04:16.527Z] User: resident1@society.com, Role: RESIDENT, Allowed: ["ALL","RESIDENTS"]
[2026-04-18T06:04:26.222Z] User: resident1@society.com, Role: RESIDENT, Allowed: ["ALL","RESIDENTS"]
[2026-04-18T06:04:53.224Z] User: guard@society.com, Role: GUARD, Allowed: ["ALL","GUARD"]
[2026-04-18T06:05:26.322Z] User: resident1@society.com, Role: RESIDENT, Allowed: ["ALL","RESIDENTS"]
[2026-04-18T06:06:39.796Z] User: resident1@society.com, Role: RESIDENT, Allowed: ["ALL","RESIDENTS"]
[2026-04-18T06:07:26.665Z] User: guard@society.com, Role: GUARD, Allowed: ["ALL","GUARD"]
[2026-04-18T06:07:31.950Z] User: guard@society.com, Role: GUARD, Allowed: ["ALL","GUARD"]
[2026-04-18T06:07:55.061Z] User: resident1@society.com, Role: RESIDENT, Allowed: ["ALL","RESIDENTS"]
[2026-04-18T06:08:03.801Z] User: resident1@society.com, Role: RESIDENT, Allowed: ["ALL","RESIDENTS"]
[2026-04-18T06:08:07.219Z] User: resident1@society.com, Role: RESIDENT, Allowed: ["ALL","RESIDENTS"]
[2026-04-18T06:08:21.821Z] User: guard@society.com, Role: GUARD, Allowed: ["ALL","GUARD"]
[2026-04-18T06:11:23.900Z] User: admin@society.com, Role: ADMIN, Allowed: ["ALL"]
[2026-04-18T06:12:05.445Z] User: admin@society.com, Role: ADMIN, Allowed: ["ALL"]
[2026-04-18T06:12:41.854Z] User: resident1@society.com, Role: RESIDENT, Allowed: ["ALL","RESIDENTS"]
[2026-04-18T06:13:01.722Z] User: guard@society.com, Role: GUARD, Allowed: ["ALL","GUARD"]
[2026-04-18T06:13:25.489Z] User: admin@society.com, Role: ADMIN, Allowed: ["ALL"]
[2026-04-18T06:13:46.838Z] User: admin@society.com, Role: ADMIN, Allowed: ["ALL"]
[2026-04-18T06:14:00.850Z] User: resident1@society.com, Role: RESIDENT, Allowed: ["ALL","RESIDENTS"]
[2026-04-18T06:14:28.037Z] User: admin@society.com, Role: ADMIN, Allowed: ["ALL"]
[2026-04-20T05:49:55.472Z] User: resident1@society.com, Role: RESIDENT, Allowed: ["ALL","RESIDENTS"]
[2026-04-20T05:50:44.419Z] User: guard@society.com, Role: GUARD, Allowed: ["ALL","GUARD"]
[2026-04-20T05:51:13.677Z] User: guard@society.com, Role: GUARD, Allowed: ["ALL","GUARD"]
[2026-04-20T05:51:14.121Z] User: guard@society.com, Role: GUARD, Allowed: ["ALL","GUARD"]
[2026-04-20T05:51:58.124Z] User: test4@gmail.com, Role: VENDOR, Allowed: ["ALL","VENDOR"]
[2026-04-20T05:52:26.046Z] User: individual@example.com, Role: INDIVIDUAL, Allowed: ["ALL","INDIVIDUAL"]
[2026-04-20T05:57:48.067Z] User: resident1@society.com, Role: RESIDENT, Allowed: ["ALL","RESIDENTS"]
[2026-04-20T05:59:12.253Z] User: test4@gmail.com, Role: VENDOR, Allowed: ["ALL","VENDOR"]
[2026-04-20T06:00:03.657Z] User: resident1@society.com, Role: RESIDENT, Allowed: ["ALL","RESIDENTS"]
[2026-04-20T06:01:59.992Z] User: guard@society.com, Role: GUARD, Allowed: ["ALL","GUARD"]
[2026-04-20T06:02:17.521Z] User: resident1@society.com, Role: RESIDENT, Allowed: ["ALL","RESIDENTS"]
[2026-04-20T06:03:20.138Z] User: test4@gmail.com, Role: VENDOR, Allowed: ["ALL","VENDOR"]
[2026-04-20T06:03:43.545Z] User: guard@society.com, Role: GUARD, Allowed: ["ALL","GUARD"]
[2026-04-20T06:04:07.536Z] User: guard@society.com, Role: GUARD, Allowed: ["ALL","GUARD"]
[2026-04-20T06:04:23.439Z] User: test4@gmail.com, Role: VENDOR, Allowed: ["ALL","VENDOR"]
[2026-04-20T06:04:56.165Z] User: guard@society.com, Role: GUARD, Allowed: ["ALL","GUARD"]
[2026-04-20T06:08:59.471Z] User: test4@gmail.com, Role: VENDOR, Allowed: ["ALL","VENDOR"]
[2026-04-20T06:13:56.971Z] User: resident1@society.com, Role: RESIDENT, Allowed: ["ALL","RESIDENTS"]
[2026-04-20T06:15:06.826Z] User: guard@society.com, Role: GUARD, Allowed: ["ALL","GUARD"]
[2026-04-20T06:15:20.893Z] User: test4@gmail.com, Role: VENDOR, Allowed: ["ALL","VENDOR"]
[2026-04-20T07:30:31.607Z] User: resident1@society.com, Role: RESIDENT, Allowed: ["ALL","RESIDENTS"]
[2026-04-20T12:14:55.465Z] User: resident1@society.com, Role: RESIDENT, Allowed: ["ALL","RESIDENTS"]
[2026-05-12T04:58:16.360Z] User: guard@society.com, Role: GUARD, Allowed: ["ALL","GUARD"]
[2026-05-12T05:15:24.691Z] User: guard@society.com, Role: GUARD, Allowed: ["ALL","GUARD"]
[2026-05-12T05:15:35.566Z] User: guard@society.com, Role: GUARD, Allowed: ["ALL","GUARD"]
[2026-05-12T05:25:06.243Z] User: guard@society.com, Role: GUARD, Allowed: ["ALL","GUARD"]
[2026-05-12T05:26:36.264Z] User: guard@society.com, Role: GUARD, Allowed: ["ALL","GUARD"]
[2026-05-12T05:28:33.081Z] User: guard@society.com, Role: GUARD, Allowed: ["ALL","GUARD"]
[2026-05-12T05:29:42.629Z] User: guard@society.com, Role: GUARD, Allowed: ["ALL","GUARD"]
[2026-05-12T05:34:23.752Z] User: guard@society.com, Role: GUARD, Allowed: ["ALL","GUARD"]
[2026-05-12T05:36:50.953Z] User: guard@society.com, Role: GUARD, Allowed: ["ALL","GUARD"]
[2026-05-12T05:41:52.531Z] User: guard@society.com, Role: GUARD, Allowed: ["ALL","GUARD"]
[2026-05-12T05:43:44.601Z] User: guard@society.com, Role: GUARD, Allowed: ["ALL","GUARD"]
[2026-05-12T05:46:34.695Z] User: guard@society.com, Role: GUARD, Allowed: ["ALL","GUARD"]
[2026-05-12T05:48:37.036Z] User: guard@society.com, Role: GUARD, Allowed: ["ALL","GUARD"]
[2026-05-12T05:51:41.371Z] User: guard@society.com, Role: GUARD, Allowed: ["ALL","GUARD"]
[2026-05-12T05:52:49.985Z] User: guard@society.com, Role: GUARD, Allowed: ["ALL","GUARD"]
[2026-05-12T06:29:28.850Z] User: guard@society.com, Role: GUARD, Allowed: ["ALL","GUARD"]
